<?xml version="1.0" encoding="UTF-8"?>
<!-- Generated by org.testng.reporters.JUnitReportReporter -->
<testsuite skipped="0" hostname="Choudhary" name="cucumber.Options.TestRunner" tests="2" failures="0" timestamp="2022-12-03T18:52:16 IST" time="15.551" errors="0">
  <testcase name="runScenario" time="0.999" classname="cucumber.Options.TestRunner"/>
  <system-out/>
  <testcase name="runScenario" time="14.552" classname="cucumber.Options.TestRunner"/>
  <system-out/>
</testsuite> <!-- cucumber.Options.TestRunner -->
